<?xml version="1.0" encoding="UTF-8"?>
<coverage generated="1762227627984" clover="3.2.0">
  <project timestamp="1762227627984" name="All files">
    <metrics statements="4" coveredstatements="4" conditionals="4" coveredconditionals="4" methods="1" coveredmethods="1" elements="9" coveredelements="9" complexity="0" loc="4" ncloc="4" packages="1" files="1" classes="1"/>
    <file name="formatTime.js" path="/Users/jacqui/cse-403/FrontEnd/src/utils/formatTime.js">
      <metrics statements="4" coveredstatements="4" conditionals="4" coveredconditionals="4" methods="1" coveredmethods="1"/>
      <line num="2" count="11" type="cond" truecount="2" falsecount="0"/>
      <line num="3" count="11" type="stmt"/>
      <line num="4" count="11" type="stmt"/>
      <line num="5" count="11" type="cond" truecount="2" falsecount="0"/>
    </file>
  </project>
</coverage>
