{"/Users/jacqui/cse-403/FrontEnd/src/utils/formatTime.js": {"path":"/Users/jacqui/cse-403/FrontEnd/src/utils/formatTime.js","statementMap":{"0":{"start":{"line":2,"column":23},"end":{"line":2,"column":49}},"1":{"start":{"line":3,"column":18},"end":{"line":3,"column":47}},"2":{"start":{"line":4,"column":18},"end":{"line":4,"column":35}},"3":{"start":{"line":5,"column":2},"end":{"line":7,"column":48}}},"fnMap":{"0":{"name":"formatTime","decl":{"start":{"line":1,"column":24},"end":{"line":1,"column":34}},"loc":{"start":{"line":1,"column":50},"end":{"line":8,"column":1}},"line":1}},"branchMap":{"0":{"loc":{"start":{"line":2,"column":23},"end":{"line":2,"column":49}},"type":"binary-expr","locations":[{"start":{"line":2,"column":23},"end":{"line":2,"column":44}},{"start":{"line":2,"column":48},"end":{"line":2,"column":49}}],"line":2},"1":{"loc":{"start":{"line":5,"column":9},"end":{"line":7,"column":47}},"type":"cond-expr","locations":[{"start":{"line":6,"column":6},"end":{"line":6,"column":57}},{"start":{"line":7,"column":6},"end":{"line":7,"column":47}}],"line":5}},"s":{"0":11,"1":11,"2":11,"3":11},"f":{"0":11},"b":{"0":[11,4],"1":[5,6]},"_coverageSchema":"1a1c01bbd47fc00a2c39e90264f33305004495a9","hash":"8a8c9bb33b2ac26d67e5d783a309cf270424f05b"}
}
